amount:10000
amount:60000

0 0.2879
1 0.5566
2 0.5575
3 0.4258
4 0.4238
5 0.5327
6 0.3726
7 0.4717
8 0.3688
9 0.5807
10 0.6242
11 0.5614
12 0.5383
13 0.5169
14 0.5926
15 0.5223
16 0.628
17 0.5768
18 0.625
19 0.6585
20 0.3649
21 0.3843
22 0.4592
23 0.3827
24 0.5002
25 0.6458
26 0.6202
27 0.5367
28 0.4006
29 0.4436
30 0.3563
31 0.6015
32 0.3942
33 0.4451
34 0.4528
35 0.5997
36 0.4047
37 0.4895
38 0.4912
39 0.2889
40 0.5389
41 0.5492
42 0.3918
43 0.4814
44 0.5039
45 0.4263
46 0.6038
47 0.5123
48 0.3663
49 0.4519