amount:10000
amount:60000

0 0.225
1 0.4632
2 0.4362
3 0.3162
4 0.306
5 0.4458
6 0.2559
7 0.3829
8 0.2984
9 0.4698
10 0.5132
11 0.4864
12 0.4302
13 0.4485
14 0.5113
15 0.4432
16 0.4805
17 0.5063
18 0.487
19 0.5408
20 0.284
21 0.2914
22 0.3708
23 0.3055
24 0.4196
25 0.5342
26 0.5067
27 0.4617
28 0.3224
29 0.3549
30 0.2867
31 0.5238
32 0.3214
33 0.3657
34 0.3839
35 0.5051
36 0.338
37 0.4062
38 0.4239
39 0.2242
40 0.4213
41 0.4624
42 0.3356
43 0.3889
44 0.3838
45 0.3183
46 0.4837
47 0.4349
48 0.2606
49 0.341