amount:10000
amount:60000

0 0.1297
1 0.1564
2 0.1766
3 0.1553
4 0.0722
5 0.1707
6 0.0928
7 0.1397
8 0.1398
9 0.1646
10 0.1139
11 0.0943
12 0.1656
13 0.1509
14 0.2057
15 0.1639
16 0.1113
17 0.1194
18 0.1304
19 0.1411
20 0.1101
21 0.0932
22 0.1235
23 0.1352
24 0.1424
25 0.1544
26 0.1151
27 0.1542
28 0.2252
29 0.1487
30 0.1271
31 0.1543
32 0.2391
33 0.1523
34 0.1137
35 0.2063
36 0.119
37 0.154
38 0.1282
39 0.1109
40 0.1196
41 0.135
42 0.1209
43 0.1163
44 0.2161
45 0.1365
46 0.1668
47 0.2323
48 0.1807
49 0.1547