amount:10000
amount:60000

0 0.1183
1 0.1835
2 0.2078
3 0.1836
4 0.1165
5 0.2426
6 0.1065
7 0.1831
8 0.1638
9 0.1713
10 0.1978
11 0.1455
12 0.2224
13 0.205
14 0.2792
15 0.2031
16 0.1946
17 0.1916
18 0.1922
19 0.2372
20 0.1241
21 0.1381
22 0.1793
23 0.1427
24 0.1854
25 0.2251
26 0.1153
27 0.2439
28 0.2468
29 0.2003
30 0.2025
31 0.1797
32 0.1916
33 0.173
34 0.1858
35 0.2472
36 0.156
37 0.2373
38 0.221
39 0.1301
40 0.1203
41 0.1927
42 0.1958
43 0.1613
44 0.2099
45 0.1698
46 0.2328
47 0.2362
48 0.2013
49 0.1925