amount:10000
amount:60000

0 0.1428
1 0.2313
2 0.2358
3 0.194
4 0.1334
5 0.3197
6 0.113
7 0.2041
8 0.1984
9 0.2163
10 0.2379
11 0.226
12 0.251
13 0.2673
14 0.3367
15 0.2235
16 0.2133
17 0.2591
18 0.2313
19 0.2751
20 0.1423
21 0.1626
22 0.2053
23 0.1826
24 0.2343
25 0.285
26 0.1658
27 0.2883
28 0.2439
29 0.2252
30 0.198
31 0.2183
32 0.204
33 0.1939
34 0.2222
35 0.3102
36 0.2081
37 0.2694
38 0.2705
39 0.1455
40 0.1344
41 0.252
42 0.2313
43 0.1968
44 0.2023
45 0.2039
46 0.261
47 0.2754
48 0.1958
49 0.2051