amount:10000
amount:60000

0 0.1202
1 0.1526
2 0.1757
3 0.1588
4 0.0811
5 0.1718
6 0.0916
7 0.1539
8 0.1519
9 0.1628
10 0.1461
11 0.1051
12 0.1821
13 0.1757
14 0.2225
15 0.1766
16 0.1378
17 0.1276
18 0.1446
19 0.1618
20 0.1127
21 0.1009
22 0.1302
23 0.1327
24 0.1439
25 0.1781
26 0.1143
27 0.1759
28 0.239
29 0.174
30 0.1569
31 0.1743
32 0.2105
33 0.1758
34 0.1272
35 0.2176
36 0.1272
37 0.1644
38 0.1469
39 0.1068
40 0.1188
41 0.1277
42 0.1437
43 0.1166
44 0.2169
45 0.1377
46 0.178
47 0.2157
48 0.1896
49 0.1645