amount:10000
amount:60000

0 0.5195
1 0.7785
2 0.8051
3 0.7594
4 0.7433
5 0.7033
6 0.7141
7 0.7178
8 0.6647
9 0.7948
10 0.8451
11 0.7377
12 0.7712
13 0.729
14 0.7928
15 0.7413
16 0.8506
17 0.725
18 0.8316
19 0.8457
20 0.6442
21 0.6906
22 0.7314
23 0.6576
24 0.7053
25 0.852
26 0.816
27 0.7015
28 0.7104
29 0.6933
30 0.6777
31 0.7484
32 0.6652
33 0.6611
34 0.6691
35 0.809
36 0.6585
37 0.7436
38 0.6933
39 0.5264
40 0.805
41 0.7734
42 0.5843
43 0.7232
44 0.7339
45 0.7163
46 0.8406
47 0.7485
48 0.7193
49 0.7178