amount:10000
amount:60000

0 0.1122
1 0.1588
2 0.1869
3 0.1632
4 0.1022
5 0.1947
6 0.0981
7 0.1717
8 0.152
9 0.1646
10 0.175
11 0.1228
12 0.1963
13 0.1848
14 0.2389
15 0.1891
16 0.1708
17 0.1448
18 0.1584
19 0.1958
20 0.1193
21 0.116
22 0.1495
23 0.1247
24 0.1569
25 0.2004
26 0.114
27 0.2092
28 0.247
29 0.1839
30 0.1898
31 0.1829
32 0.192
33 0.1821
34 0.1514
35 0.2224
36 0.1312
37 0.1902
38 0.18
39 0.1147
40 0.1211
41 0.1636
42 0.1666
43 0.1276
44 0.2191
45 0.146
46 0.2039
47 0.2185
48 0.1883
49 0.1819