amount:10000
amount:60000

0 0.1824
1 0.3282
2 0.2927
3 0.2225
4 0.1887
5 0.3863
6 0.1424
7 0.28
8 0.2431
9 0.3041
10 0.3522
11 0.348
12 0.3079
13 0.3727
14 0.4093
15 0.3051
16 0.3053
17 0.3623
18 0.2757
19 0.359
20 0.1862
21 0.2051
22 0.2511
23 0.2269
24 0.2987
25 0.3832
26 0.2921
27 0.357
28 0.2815
29 0.2582
30 0.2181
31 0.344
32 0.24
33 0.2408
34 0.2936
35 0.3799
36 0.2686
37 0.3271
38 0.329
39 0.1469
40 0.2381
41 0.3243
42 0.272
43 0.2383
44 0.2455
45 0.253
46 0.3198
47 0.3293
48 0.1923
49 0.234