amount:10000
amount:60000

0 0.3815
1 0.6676
2 0.6839
3 0.5869
4 0.5811
5 0.6156
6 0.5252
7 0.5856
8 0.485
9 0.6867
10 0.7435
11 0.6438
12 0.65
13 0.6068
14 0.6825
15 0.6227
16 0.7605
17 0.6518
18 0.7392
19 0.7634
20 0.4791
21 0.5244
22 0.5812
23 0.5093
24 0.5935
25 0.7559
26 0.7199
27 0.6099
28 0.5398
29 0.5685
30 0.495
31 0.6772
32 0.5077
33 0.5444
34 0.5483
35 0.7043
36 0.5088
37 0.601
38 0.5781
39 0.3871
40 0.6702
41 0.6553
42 0.473
43 0.5888
44 0.6269
45 0.5839
46 0.7354
47 0.6251
48 0.5294
49 0.5846